<?xml version="1.0" encoding="UTF-8"?>
<testsuite xmlns:xsi="http://www.w3.org/2001/XMLSchema-instance" xsi:noNamespaceSchemaLocation="https://maven.apache.org/surefire/maven-surefire-plugin/xsd/surefire-test-report-3.0.xsd" version="3.0" name="com.bfhl.api.BfhlServiceImplTest" time="0.044" tests="6" errors="0" skipped="0" failures="1">
  <properties>
[...]
</properties>
  <testcase name="userIdFormat" classname="com.bfhl.api.BfhlServiceImplTest" time="0.021">
    <failure message="user_id must be lowercase letters/underscores followed by 8 digits ==&gt; expected: &lt;true&gt; but was: &lt;false&gt;" type="org.opentest4j.AssertionFailedError"><![CDATA[org.opentest4j.AssertionFailedError: user_id must be lowercase letters/underscores followed by 8 digits ==> expected: <true> but was: <false>
	at org.junit.jupiter.api.AssertionFailureBuilder.build(AssertionFailureBuilder.java:151)
	at org.junit.jupiter.api.AssertionFailureBuilder.buildAndThrow(AssertionFailureBuilder.java:132)
	at org.junit.jupiter.api.AssertTrue.failNotTrue(AssertTrue.java:63)
	at org.junit.jupiter.api.AssertTrue.assertTrue(AssertTrue.java:36)
	at org.junit.jupiter.api.Assertions.assertTrue(Assertions.java:214)
	at com.bfhl.api.BfhlServiceImplTest.userIdFormat(BfhlTests.java:121)
	at java.base/java.lang.reflect.Method.invoke(Method.java:580)
	at java.base/java.util.ArrayList.forEach(ArrayList.java:1597)
	at java.base/java.util.ArrayList.forEach(ArrayList.java:1597)
]]></failure>
  </testcase>
  <testcase name="emptyData" classname="com.bfhl.api.BfhlServiceImplTest" time="0.004"/>
  <testcase name="onlySpecialChars" classname="com.bfhl.api.BfhlServiceImplTest" time="0.002"/>
  <testcase name="exampleA" classname="com.bfhl.api.BfhlServiceImplTest" time="0.001"/>
  <testcase name="exampleB" classname="com.bfhl.api.BfhlServiceImplTest" time="0.001"/>
  <testcase name="exampleC" classname="com.bfhl.api.BfhlServiceImplTest" time="0.001"/>
</testsuite>